[debug] [2026-05-29T15:41:51.392Z] ----------------------------------------------------------------------
[debug] [2026-05-29T15:41:51.396Z] Command:       C:\Program Files\nodejs\node.exe C:\Users\daisu\AppData\Roaming\npm\node_modules\firebase-tools\lib\bin\firebase.js init hosting
[debug] [2026-05-29T15:41:51.396Z] CLI Version:   15.19.0
[debug] [2026-05-29T15:41:51.396Z] Platform:      win32
[debug] [2026-05-29T15:41:51.396Z] Node Version:  v24.14.0
[debug] [2026-05-29T15:41:51.397Z] Time:          Sat May 30 2026 00:41:51 GMT+0900 (日本標準時)
[debug] [2026-05-29T15:41:51.397Z] ----------------------------------------------------------------------
[debug] 
[debug] [2026-05-29T15:41:51.398Z] >>> [apiv2][query] GET https://firebase-public.firebaseio.com/cli.json [none]
[info] 
     ######## #### ########  ######## ########     ###     ######  ########
     ##        ##  ##     ## ##       ##     ##  ##   ##  ##       ##
     ######    ##  ########  ######   ########  #########  ######  ######
     ##        ##  ##    ##  ##       ##     ## ##     ##       ## ##
     ##       #### ##     ## ######## ########  ##     ##  ######  ########

You're about to initialize a Firebase project in this directory:

  C:\Github\nao-LP

Before we get started, keep in mind:

  * You are currently outside your home directory

[debug] [2026-05-29T15:41:52.672Z] <<< [apiv2][status] GET https://firebase-public.firebaseio.com/cli.json 200
[debug] [2026-05-29T15:41:52.673Z] <<< [apiv2][body] GET https://firebase-public.firebaseio.com/cli.json {"cloudBuildErrorAfter":1594252800000,"cloudBuildWarnAfter":1590019200000,"defaultNode10After":1594252800000,"minVersion":"3.0.5","node8DeploysDisabledAfter":1613390400000,"node8RuntimeDisabledAfter":1615809600000,"node8WarnAfter":1600128000000}
[info] 
=== Project Setup
[info] 
[info] First, let's associate this project directory with a Firebase project.
[info] You can create multiple project aliases by running firebase use --add, 
[info] 
[debug] [2026-05-29T15:42:17.103Z] > command requires scopes: ["email","openid","https://www.googleapis.com/auth/cloudplatformprojects.readonly","https://www.googleapis.com/auth/firebase","https://www.googleapis.com/auth/cloud-platform"]
[debug] [2026-05-29T15:42:21.038Z] Running auto auth
[debug] [2026-05-29T15:42:21.040Z] No OAuth tokens found
[debug] [2026-05-29T15:42:21.040Z] >>> [apiv2][query] GET https://firebase.googleapis.com/v1beta1/projects pageSize=100
[debug] [2026-05-29T15:42:21.788Z] <<< [apiv2][status] GET https://firebase.googleapis.com/v1beta1/projects 200
[debug] [2026-05-29T15:42:21.788Z] <<< [apiv2][body] GET https://firebase.googleapis.com/v1beta1/projects [omitted]
[info] 
=== Hosting Setup
[debug] [2026-05-29T15:42:30.727Z] No OAuth tokens found
[debug] [2026-05-29T15:42:30.727Z] >>> [apiv2][query] GET https://firebase.googleapis.com/v1beta1/projects/wasyoku-nao [none]
[debug] [2026-05-29T15:42:31.173Z] <<< [apiv2][status] GET https://firebase.googleapis.com/v1beta1/projects/wasyoku-nao 200
[debug] [2026-05-29T15:42:31.173Z] <<< [apiv2][body] GET https://firebase.googleapis.com/v1beta1/projects/wasyoku-nao {"projectId":"wasyoku-nao","projectNumber":"415461302483","displayName":"wasyoku-nao","name":"projects/wasyoku-nao","resources":{"hostingSite":"wasyoku-nao"},"state":"ACTIVE","etag":"1_2f98e97f-2f6a-4e21-a776-b46fed35b5ea"}
[info] 
[info] Your public directory is the folder (relative to your project directory) that
[info] will contain Hosting assets to be uploaded with firebase deploy. If you
[info] have a build process for your assets, use your build's output directory.
[info] 
[info] +  Wrote wasyoku-nao\404.html 
[debug] [2026-05-29T15:43:20.036Z] >>> [apiv2][query] GET https://www.gstatic.com/firebasejs/releases.json [none]
[debug] [2026-05-29T15:43:20.226Z] <<< [apiv2][status] GET https://www.gstatic.com/firebasejs/releases.json 200
[debug] [2026-05-29T15:43:20.227Z] <<< [apiv2][body] GET https://www.gstatic.com/firebasejs/releases.json {"current":{"version":"12.14.0","browserURL":"https://www.gstatic.com/firebasejs/12.14.0/firebase.js","packageURL":"https://www.gstatic.com/firebasejs/12.14.0/firebase.tgz"},"live":{"version":"12.14","browserURL":"https://www.gstatic.com/firebasejs/live/12.14/firebase.js","packageURL":"https://www.gstatic.com/firebasejs/live/12.14/firebase.tgz"},"components":{"ai":"https://www.gstatic.com/firebasejs/12.14.0/firebase-ai.js","analytics":"https://www.gstatic.com/firebasejs/12.14.0/firebase-analytics.js","app":"https://www.gstatic.com/firebasejs/12.14.0/firebase-app.js","app-check":"https://www.gstatic.com/firebasejs/12.14.0/firebase-app-check.js","auth":"https://www.gstatic.com/firebasejs/12.14.0/firebase-auth.js","auth/cordova":"https://www.gstatic.com/firebasejs/12.14.0/firebase-auth/cordova.js","auth/web-extension":"https://www.gstatic.com/firebasejs/12.14.0/firebase-auth/web-extension.js","functions":"https://www.gstatic.com/firebasejs/12.14.0/firebase-functions.js","firestore":"https://www.gstatic.com/firebasejs/12.14.0/firebase-firestore.js","firestore/lite":"https://www.gstatic.com/firebasejs/12.14.0/firebase-firestore/lite.js","firestore/pipelines":"https://www.gstatic.com/firebasejs/12.14.0/firebase-firestore/pipelines.js","firestore/lite/pipelines":"https://www.gstatic.com/firebasejs/12.14.0/firebase-firestore/lite/pipelines.js","installations":"https://www.gstatic.com/firebasejs/12.14.0/firebase-installations.js","storage":"https://www.gstatic.com/firebasejs/12.14.0/firebase-storage.js","performance":"https://www.gstatic.com/firebasejs/12.14.0/firebase-performance.js","remote-config":"https://www.gstatic.com/firebasejs/12.14.0/firebase-remote-config.js","messaging":"https://www.gstatic.com/firebasejs/12.14.0/firebase-messaging.js","messaging/sw":"https://www.gstatic.com/firebasejs/12.14.0/firebase-messaging/sw.js","database":"https://www.gstatic.com/firebasejs/12.14.0/firebase-database.js","data-connect":"https://www.gstatic.com/firebasejs/12.14.0/firebase-data-connect.js","firestore.memory":"https://www.gstatic.com/firebasejs/12.14.0/firebase-firestore.memory.js"}}
[info] +  Wrote wasyoku-nao\index.html 
[info] 
=== Agent Skills Setup
[info] If you are using an AI coding agent, Firebase Agent Skills make it an expert at Firebase.
